开始导出当天实时主力资金流：文件日期 0722，股票 3200 只，已存在 3200 只，待抓取 0 只，输出文件 data/today/0722.csv，并发 8 线程
提示：启用多线程后，--delay 仅在 --workers=1 时生效。
无需抓取；目标股票已全部存在。
导出完成：本次新增 0 条，跳过 3200 条，文件 data/today/0722.csv
已删除旧文件：data/today/0722.csv
开始导出当天实时主力资金流：文件日期 0722，股票 3200 只，已存在 0 只，待抓取 3200 只，输出文件 data/today/0722.csv，并发 8 线程
提示：启用多线程后，--delay 仅在 --workers=1 时生效。
[1/40] 提交 80 只：000001 平安银行 -> 000421 南京公用
[2/40] 提交 80 只：000422 湖北宜化 -> 000597 东北制药
[3/40] 提交 80 只：000598 兴蓉环境 -> 000722 湖南发展
[4/40] 提交 80 只：000723 美锦能源 -> 000859 国风新材
[5/40] 提交 80 只：000860 顺鑫农业 -> 000977 浪潮信息
[6/40] 提交 80 只：000978 桂林旅游 -> 001312 福恩股份
[7/40] 提交 80 只：001313 粤海饲料 -> 002031 巨轮智能
[8/40] 提交 80 只：002032 苏 泊 尔 -> 002116 中国海诚
[9/40] 提交 80 只：002117 东港股份 -> 002199 *ST东晶
[10/40] 提交 80 只：002200 *ST交投 -> 002284 亚太股份
[11/40] 提交 80 只：002285 世联行 -> 002370 亚太药业
[12/40] 提交 80 只：002371 北方华创 -> 002456 欧菲光
[13/40] 提交 80 只：002457 青龙管业 -> 002546 新联电子
[14/40] 提交 80 只：002547 *ST春兴 -> 002631 德尔未来
[15/40] 提交 80 只：002632 道明光学 -> 002718 友邦吊顶
[16/40] 提交 80 只：002719 ST麦趣 -> 002811 郑中设计
[17/40] 提交 80 只：002812 恩捷股份 -> 002897 意华股份
[18/40] 提交 80 只：002898 *ST赛隆 -> 002985 北摩高科
[19/40] 提交 80 只：002986 宇新股份 -> 600031 三一重工
[20/40] 提交 80 只：600032 浙江新能 -> 600141 兴发集团
[21/40] 提交 80 只：600143 金发科技 -> 600246 万通发展
[22/40] 提交 80 只：600248 陕建股份 -> 600356 恒丰纸业
[23/40] 提交 80 只：600358 国旅联合 -> 600479 千金药业
[24/40] 提交 80 只：600480 凌云股份 -> 600577 精达股份
[25/40] 提交 80 只：600578 京能电力 -> 600673 东阳光
[26/40] 提交 80 只：600674 川投能源 -> 600765 中航重机
[27/40] 提交 80 只：600768 宁波富邦 -> 600865 百大集团
[28/40] 提交 80 只：600866 星湖科技 -> 600989 宝丰能源
[29/40] 提交 80 只：600990 四创电子 -> 601199 江南水务
[30/40] 提交 80 只：601200 上海环境 -> 601698 中国卫通
[31/40] 提交 80 只：601699 潞安环能 -> 603007 顺景科技
[32/40] 提交 80 只：603008 ST喜临门 -> 603098 森特股份
[33/40] 提交 80 只：603099 长白山 -> 603198 迎驾贡酒
[34/40] 提交 80 只：603199 九华旅游 -> 603305 旭升集团
[35/40] 提交 80 只：603306 华懋科技 -> 603407 长裕集团
[36/40] 提交 80 只：603408 建霖家居 -> 603617 君禾股份
[37/40] 提交 80 只：603618 杭电股份 -> 603773 沃格光电
[38/40] 提交 80 只：603776 永安行 -> 603917 合力科技
[39/40] 提交 80 只：603918 金桥信息 -> 605111 新洁能
[40/40] 提交 80 只：605116 奥锐特 -> 605599 菜百股份
[1/40] 完成批次 8/40，写入候选 80 条
[2/40] 完成批次 1/40，写入候选 80 条
[3/40] 完成批次 3/40，写入候选 80 条
[4/40] 完成批次 4/40，写入候选 80 条
[5/40] 完成批次 5/40，写入候选 80 条
[6/40] 完成批次 2/40，写入候选 80 条
[7/40] 完成批次 7/40，写入候选 80 条
[8/40] 完成批次 6/40，写入候选 80 条
[9/40] 完成批次 10/40，写入候选 80 条
[10/40] 完成批次 9/40，写入候选 80 条
[11/40] 完成批次 15/40，写入候选 80 条
[12/40] 完成批次 12/40，写入候选 80 条
[13/40] 完成批次 13/40，写入候选 80 条
[14/40] 完成批次 16/40，写入候选 80 条
[15/40] 完成批次 14/40，写入候选 80 条
[16/40] 完成批次 17/40，写入候选 80 条
[17/40] 完成批次 11/40，写入候选 80 条
[18/40] 完成批次 18/40，写入候选 80 条
[19/40] 完成批次 20/40，写入候选 80 条
[20/40] 完成批次 19/40，写入候选 80 条
[21/40] 完成批次 21/40，写入候选 80 条
[22/40] 完成批次 22/40，写入候选 80 条
[23/40] 完成批次 23/40，写入候选 80 条
[24/40] 完成批次 24/40，写入候选 80 条
[25/40] 完成批次 25/40，写入候选 80 条
[26/40] 完成批次 27/40，写入候选 80 条
[27/40] 完成批次 26/40，写入候选 80 条
[28/40] 完成批次 28/40，写入候选 80 条
[29/40] 完成批次 29/40，写入候选 80 条
[30/40] 完成批次 30/40，写入候选 80 条
[31/40] 完成批次 31/40，写入候选 80 条
[32/40] 完成批次 32/40，写入候选 80 条
[33/40] 完成批次 33/40，写入候选 80 条
[34/40] 完成批次 34/40，写入候选 80 条
[35/40] 完成批次 35/40，写入候选 80 条
[36/40] 完成批次 36/40，写入候选 80 条
[37/40] 完成批次 37/40，写入候选 80 条
[38/40] 完成批次 38/40，写入候选 80 条
[39/40] 完成批次 40/40，写入候选 80 条
[40/40] 完成批次 39/40，写入候选 80 条
导出完成：本次新增 3200 条，跳过 0 条，文件 data/today/0722.csv
已删除旧文件：data/today/0722.csv
开始导出当天实时主力资金流：文件日期 0722，股票 3200 只，已存在 0 只，待抓取 3200 只，输出文件 data/today/0722.csv，并发 8 线程
提示：启用多线程后，--delay 仅在 --workers=1 时生效。
[1/40] 提交 80 只：000001 平安银行 -> 000421 南京公用
[2/40] 提交 80 只：000422 湖北宜化 -> 000597 东北制药
[3/40] 提交 80 只：000598 兴蓉环境 -> 000722 湖南发展
[4/40] 提交 80 只：000723 美锦能源 -> 000859 国风新材
[5/40] 提交 80 只：000860 顺鑫农业 -> 000977 浪潮信息
[6/40] 提交 80 只：000978 桂林旅游 -> 001312 福恩股份
[7/40] 提交 80 只：001313 粤海饲料 -> 002031 巨轮智能
[8/40] 提交 80 只：002032 苏 泊 尔 -> 002116 中国海诚
[9/40] 提交 80 只：002117 东港股份 -> 002199 *ST东晶
[10/40] 提交 80 只：002200 *ST交投 -> 002284 亚太股份
[11/40] 提交 80 只：002285 世联行 -> 002370 亚太药业
[12/40] 提交 80 只：002371 北方华创 -> 002456 欧菲光
[13/40] 提交 80 只：002457 青龙管业 -> 002546 新联电子
[14/40] 提交 80 只：002547 *ST春兴 -> 002631 德尔未来
[15/40] 提交 80 只：002632 道明光学 -> 002718 友邦吊顶
[16/40] 提交 80 只：002719 ST麦趣 -> 002811 郑中设计
[17/40] 提交 80 只：002812 恩捷股份 -> 002897 意华股份
[18/40] 提交 80 只：002898 *ST赛隆 -> 002985 北摩高科
[19/40] 提交 80 只：002986 宇新股份 -> 600031 三一重工
[20/40] 提交 80 只：600032 浙江新能 -> 600141 兴发集团
[21/40] 提交 80 只：600143 金发科技 -> 600246 万通发展
[22/40] 提交 80 只：600248 陕建股份 -> 600356 恒丰纸业
[23/40] 提交 80 只：600358 国旅联合 -> 600479 千金药业
[24/40] 提交 80 只：600480 凌云股份 -> 600577 精达股份
[25/40] 提交 80 只：600578 京能电力 -> 600673 东阳光
[26/40] 提交 80 只：600674 川投能源 -> 600765 中航重机
[27/40] 提交 80 只：600768 宁波富邦 -> 600865 百大集团
[28/40] 提交 80 只：600866 星湖科技 -> 600989 宝丰能源
[29/40] 提交 80 只：600990 四创电子 -> 601199 江南水务
[30/40] 提交 80 只：601200 上海环境 -> 601698 中国卫通
[31/40] 提交 80 只：601699 潞安环能 -> 603007 顺景科技
[32/40] 提交 80 只：603008 ST喜临门 -> 603098 森特股份
[33/40] 提交 80 只：603099 长白山 -> 603198 迎驾贡酒
[34/40] 提交 80 只：603199 九华旅游 -> 603305 旭升集团
[35/40] 提交 80 只：603306 华懋科技 -> 603407 长裕集团
[36/40] 提交 80 只：603408 建霖家居 -> 603617 君禾股份
[37/40] 提交 80 只：603618 杭电股份 -> 603773 沃格光电
[38/40] 提交 80 只：603776 永安行 -> 603917 合力科技
[39/40] 提交 80 只：603918 金桥信息 -> 605111 新洁能
[40/40] 提交 80 只：605116 奥锐特 -> 605599 菜百股份
[1/40] 完成批次 1/40，写入候选 80 条
[2/40] 完成批次 4/40，写入候选 80 条
[3/40] 完成批次 6/40，写入候选 80 条
[4/40] 完成批次 5/40，写入候选 80 条
[5/40] 完成批次 8/40，写入候选 80 条
[6/40] 完成批次 3/40，写入候选 80 条
[7/40] 完成批次 7/40，写入候选 80 条
[8/40] 完成批次 2/40，写入候选 80 条
失败前已写入 640 条到 data/today/0722.csv。
[9/40] 获取失败：批次 9/40 (002117 东港股份 -> 002199 *ST东晶)，RuntimeError: ConnectionError: ('Connection aborted.', RemoteDisconnected('Remote end closed connection without response'))；ConnectionError: ('Connection aborted.', RemoteDisconnected('Remote end closed connection without response'))；ConnectionError: ('Connection aborted.', RemoteDisconnected('Remote end closed connection without response'))；ConnectionError: ('Connection aborted.', RemoteDisconnected('Remote end closed connection without response'))
已停止导出；已写入的数据会保留，稍后重试会跳过当天已写入股票。
开始导出当天实时主力资金流：文件日期 0722，股票 3200 只，已存在 640 只，待抓取 2560 只，输出文件 data/today/0722.csv，并发 8 线程
提示：启用多线程后，--delay 仅在 --workers=1 时生效。
[1/32] 提交 80 只：002117 东港股份 -> 002199 *ST东晶
[2/32] 提交 80 只：002200 *ST交投 -> 002284 亚太股份
[3/32] 提交 80 只：002285 世联行 -> 002370 亚太药业
[4/32] 提交 80 只：002371 北方华创 -> 002456 欧菲光
[5/32] 提交 80 只：002457 青龙管业 -> 002546 新联电子
[6/32] 提交 80 只：002547 *ST春兴 -> 002631 德尔未来
[7/32] 提交 80 只：002632 道明光学 -> 002718 友邦吊顶
[8/32] 提交 80 只：002719 ST麦趣 -> 002811 郑中设计
[9/32] 提交 80 只：002812 恩捷股份 -> 002897 意华股份
[10/32] 提交 80 只：002898 *ST赛隆 -> 002985 北摩高科
[11/32] 提交 80 只：002986 宇新股份 -> 600031 三一重工
[12/32] 提交 80 只：600032 浙江新能 -> 600141 兴发集团
[13/32] 提交 80 只：600143 金发科技 -> 600246 万通发展
[14/32] 提交 80 只：600248 陕建股份 -> 600356 恒丰纸业
[15/32] 提交 80 只：600358 国旅联合 -> 600479 千金药业
[16/32] 提交 80 只：600480 凌云股份 -> 600577 精达股份
[17/32] 提交 80 只：600578 京能电力 -> 600673 东阳光
[18/32] 提交 80 只：600674 川投能源 -> 600765 中航重机
[19/32] 提交 80 只：600768 宁波富邦 -> 600865 百大集团
[20/32] 提交 80 只：600866 星湖科技 -> 600989 宝丰能源
[21/32] 提交 80 只：600990 四创电子 -> 601199 江南水务
[22/32] 提交 80 只：601200 上海环境 -> 601698 中国卫通
[23/32] 提交 80 只：601699 潞安环能 -> 603007 顺景科技
[24/32] 提交 80 只：603008 ST喜临门 -> 603098 森特股份
[25/32] 提交 80 只：603099 长白山 -> 603198 迎驾贡酒
[26/32] 提交 80 只：603199 九华旅游 -> 603305 旭升集团
[27/32] 提交 80 只：603306 华懋科技 -> 603407 长裕集团
[28/32] 提交 80 只：603408 建霖家居 -> 603617 君禾股份
[29/32] 提交 80 只：603618 杭电股份 -> 603773 沃格光电
[30/32] 提交 80 只：603776 永安行 -> 603917 合力科技
[31/32] 提交 80 只：603918 金桥信息 -> 605111 新洁能
[32/32] 提交 80 只：605116 奥锐特 -> 605599 菜百股份
[1/32] 获取失败：批次 8/32 (002719 ST麦趣 -> 002811 郑中设计)，RuntimeError: ConnectionError: ('Connection aborted.', RemoteDisconnected('Remote end closed connection without response'))；ConnectionError: ('Connection aborted.', RemoteDisconnected('Remote end closed connection without response'))；ConnectionError: ('Connection aborted.', RemoteDisconnected('Remote end closed connection without response'))；ConnectionError: ('Connection aborted.', RemoteDisconnected('Remote end closed connection without response'))
已停止导出；已写入的数据会保留，稍后重试会跳过当天已写入股票。
开始导出当天实时主力资金流：文件日期 0722，股票 3200 只，已存在 640 只，待抓取 2560 只，输出文件 data/today/0722.csv，并发 8 线程
提示：启用多线程后，--delay 仅在 --workers=1 时生效。
[1/32] 提交 80 只：002117 东港股份 -> 002199 *ST东晶
[2/32] 提交 80 只：002200 *ST交投 -> 002284 亚太股份
[3/32] 提交 80 只：002285 世联行 -> 002370 亚太药业
[4/32] 提交 80 只：002371 北方华创 -> 002456 欧菲光
[5/32] 提交 80 只：002457 青龙管业 -> 002546 新联电子
[6/32] 提交 80 只：002547 *ST春兴 -> 002631 德尔未来
[7/32] 提交 80 只：002632 道明光学 -> 002718 友邦吊顶
[8/32] 提交 80 只：002719 ST麦趣 -> 002811 郑中设计
[9/32] 提交 80 只：002812 恩捷股份 -> 002897 意华股份
[10/32] 提交 80 只：002898 *ST赛隆 -> 002985 北摩高科
[11/32] 提交 80 只：002986 宇新股份 -> 600031 三一重工
[12/32] 提交 80 只：600032 浙江新能 -> 600141 兴发集团
[13/32] 提交 80 只：600143 金发科技 -> 600246 万通发展
[14/32] 提交 80 只：600248 陕建股份 -> 600356 恒丰纸业
[15/32] 提交 80 只：600358 国旅联合 -> 600479 千金药业
[16/32] 提交 80 只：600480 凌云股份 -> 600577 精达股份
[17/32] 提交 80 只：600578 京能电力 -> 600673 东阳光
[18/32] 提交 80 只：600674 川投能源 -> 600765 中航重机
[19/32] 提交 80 只：600768 宁波富邦 -> 600865 百大集团
[20/32] 提交 80 只：600866 星湖科技 -> 600989 宝丰能源
[21/32] 提交 80 只：600990 四创电子 -> 601199 江南水务
[22/32] 提交 80 只：601200 上海环境 -> 601698 中国卫通
[23/32] 提交 80 只：601699 潞安环能 -> 603007 顺景科技
[24/32] 提交 80 只：603008 ST喜临门 -> 603098 森特股份
[25/32] 提交 80 只：603099 长白山 -> 603198 迎驾贡酒
[26/32] 提交 80 只：603199 九华旅游 -> 603305 旭升集团
[27/32] 提交 80 只：603306 华懋科技 -> 603407 长裕集团
[28/32] 提交 80 只：603408 建霖家居 -> 603617 君禾股份
[29/32] 提交 80 只：603618 杭电股份 -> 603773 沃格光电
[30/32] 提交 80 只：603776 永安行 -> 603917 合力科技
[31/32] 提交 80 只：603918 金桥信息 -> 605111 新洁能
[32/32] 提交 80 只：605116 奥锐特 -> 605599 菜百股份
[1/32] 获取失败：批次 2/32 (002200 *ST交投 -> 002284 亚太股份)，RuntimeError: ConnectionError: ('Connection aborted.', RemoteDisconnected('Remote end closed connection without response'))；ConnectionError: ('Connection aborted.', RemoteDisconnected('Remote end closed connection without response'))；ConnectionError: ('Connection aborted.', RemoteDisconnected('Remote end closed connection without response'))；ConnectionError: ('Connection aborted.', RemoteDisconnected('Remote end closed connection without response'))
已停止导出；已写入的数据会保留，稍后重试会跳过当天已写入股票。
开始导出当天实时主力资金流：文件日期 0723，股票 3200 只，已存在 0 只，待抓取 3200 只，输出文件 data/today/0723.csv，并发 8 线程
提示：启用多线程后，--delay 仅在 --workers=1 时生效。
[1/40] 提交 80 只：000001 平安银行 -> 000421 南京公用
[2/40] 提交 80 只：000422 湖北宜化 -> 000597 东北制药
[3/40] 提交 80 只：000598 兴蓉环境 -> 000722 湖南发展
[4/40] 提交 80 只：000723 美锦能源 -> 000859 国风新材
[5/40] 提交 80 只：000860 顺鑫农业 -> 000977 浪潮信息
[6/40] 提交 80 只：000978 桂林旅游 -> 001312 福恩股份
[7/40] 提交 80 只：001313 粤海饲料 -> 002031 巨轮智能
[8/40] 提交 80 只：002032 苏 泊 尔 -> 002116 中国海诚
[9/40] 提交 80 只：002117 东港股份 -> 002199 *ST东晶
[10/40] 提交 80 只：002200 *ST交投 -> 002284 亚太股份
[11/40] 提交 80 只：002285 世联行 -> 002370 亚太药业
[12/40] 提交 80 只：002371 北方华创 -> 002456 欧菲光
[13/40] 提交 80 只：002457 青龙管业 -> 002546 新联电子
[14/40] 提交 80 只：002547 *ST春兴 -> 002631 德尔未来
[15/40] 提交 80 只：002632 道明光学 -> 002718 友邦吊顶
[16/40] 提交 80 只：002719 ST麦趣 -> 002811 郑中设计
[17/40] 提交 80 只：002812 恩捷股份 -> 002897 意华股份
[18/40] 提交 80 只：002898 *ST赛隆 -> 002985 北摩高科
[19/40] 提交 80 只：002986 宇新股份 -> 600031 三一重工
[20/40] 提交 80 只：600032 浙江新能 -> 600141 兴发集团
[21/40] 提交 80 只：600143 金发科技 -> 600246 万通发展
[22/40] 提交 80 只：600248 陕建股份 -> 600356 恒丰纸业
[23/40] 提交 80 只：600358 国旅联合 -> 600479 千金药业
[24/40] 提交 80 只：600480 凌云股份 -> 600577 精达股份
[25/40] 提交 80 只：600578 京能电力 -> 600673 东阳光
[26/40] 提交 80 只：600674 川投能源 -> 600765 中航重机
[27/40] 提交 80 只：600768 宁波富邦 -> 600865 百大集团
[28/40] 提交 80 只：600866 星湖科技 -> 600989 宝丰能源
[29/40] 提交 80 只：600990 四创电子 -> 601199 江南水务
[30/40] 提交 80 只：601200 上海环境 -> 601698 中国卫通
[31/40] 提交 80 只：601699 潞安环能 -> 603007 顺景科技
[32/40] 提交 80 只：603008 ST喜临门 -> 603098 森特股份
[33/40] 提交 80 只：603099 长白山 -> 603198 迎驾贡酒
[34/40] 提交 80 只：603199 九华旅游 -> 603305 旭升集团
[35/40] 提交 80 只：603306 华懋科技 -> 603407 长裕集团
[36/40] 提交 80 只：603408 建霖家居 -> 603617 君禾股份
[37/40] 提交 80 只：603618 杭电股份 -> 603773 沃格光电
[38/40] 提交 80 只：603776 永安行 -> 603917 合力科技
[39/40] 提交 80 只：603918 金桥信息 -> 605111 新洁能
[40/40] 提交 80 只：605116 奥锐特 -> 605599 菜百股份
[1/40] 完成批次 3/40，写入候选 80 条
[2/40] 完成批次 1/40，写入候选 80 条
[3/40] 完成批次 4/40，写入候选 80 条
[4/40] 完成批次 7/40，写入候选 80 条
[5/40] 完成批次 5/40，写入候选 80 条
[6/40] 完成批次 8/40，写入候选 80 条
[7/40] 完成批次 6/40，写入候选 80 条
[8/40] 完成批次 2/40，写入候选 80 条
[9/40] 完成批次 9/40，写入候选 80 条
[10/40] 完成批次 11/40，写入候选 80 条
[11/40] 完成批次 10/40，写入候选 80 条
[12/40] 完成批次 12/40，写入候选 80 条
[13/40] 完成批次 13/40，写入候选 80 条
[14/40] 完成批次 14/40，写入候选 80 条
[15/40] 完成批次 15/40，写入候选 80 条
[16/40] 完成批次 16/40，写入候选 80 条
[17/40] 完成批次 18/40，写入候选 80 条
[18/40] 完成批次 17/40，写入候选 80 条
[19/40] 完成批次 20/40，写入候选 80 条
[20/40] 完成批次 19/40，写入候选 80 条
[21/40] 完成批次 22/40，写入候选 80 条
[22/40] 完成批次 23/40，写入候选 80 条
[23/40] 完成批次 21/40，写入候选 80 条
[24/40] 完成批次 24/40，写入候选 80 条
[25/40] 完成批次 25/40，写入候选 80 条
[26/40] 完成批次 26/40，写入候选 80 条
[27/40] 完成批次 27/40，写入候选 80 条
[28/40] 完成批次 28/40，写入候选 80 条
[29/40] 完成批次 30/40，写入候选 80 条
[30/40] 完成批次 32/40，写入候选 80 条
[31/40] 完成批次 31/40，写入候选 80 条
[32/40] 完成批次 29/40，写入候选 80 条
[33/40] 完成批次 33/40，写入候选 80 条
[34/40] 完成批次 34/40，写入候选 80 条
[35/40] 完成批次 36/40，写入候选 80 条
[36/40] 完成批次 35/40，写入候选 80 条
[37/40] 完成批次 37/40，写入候选 80 条
[38/40] 完成批次 38/40，写入候选 80 条
[39/40] 完成批次 39/40，写入候选 80 条
[40/40] 完成批次 40/40，写入候选 80 条
导出完成：本次新增 3200 条，跳过 0 条，文件 data/today/0723.csv
已删除旧文件：data/today/0724.csv
开始导出当天实时主力资金流：文件日期 0724，股票 3200 只，已存在 0 只，待抓取 3200 只，输出文件 data/today/0724.csv，并发 8 线程
提示：启用多线程后，--delay 仅在 --workers=1 时生效。
[1/40] 提交 80 只：000001 平安银行 -> 000421 南京公用
[2/40] 提交 80 只：000422 湖北宜化 -> 000597 东北制药
[3/40] 提交 80 只：000598 兴蓉环境 -> 000722 湖南发展
[4/40] 提交 80 只：000723 美锦能源 -> 000859 国风新材
[5/40] 提交 80 只：000860 顺鑫农业 -> 000977 浪潮信息
[6/40] 提交 80 只：000978 桂林旅游 -> 001312 福恩股份
[7/40] 提交 80 只：001313 粤海饲料 -> 002031 巨轮智能
[8/40] 提交 80 只：002032 苏 泊 尔 -> 002116 中国海诚
[9/40] 提交 80 只：002117 东港股份 -> 002199 *ST东晶
[10/40] 提交 80 只：002200 *ST交投 -> 002284 亚太股份
[11/40] 提交 80 只：002285 世联行 -> 002370 亚太药业
[12/40] 提交 80 只：002371 北方华创 -> 002456 欧菲光
[13/40] 提交 80 只：002457 青龙管业 -> 002546 新联电子
[14/40] 提交 80 只：002547 *ST春兴 -> 002631 德尔未来
[15/40] 提交 80 只：002632 道明光学 -> 002718 友邦吊顶
[16/40] 提交 80 只：002719 ST麦趣 -> 002811 郑中设计
[17/40] 提交 80 只：002812 恩捷股份 -> 002897 意华股份
[18/40] 提交 80 只：002898 *ST赛隆 -> 002985 北摩高科
[19/40] 提交 80 只：002986 宇新股份 -> 600031 三一重工
[20/40] 提交 80 只：600032 浙江新能 -> 600141 兴发集团
[21/40] 提交 80 只：600143 金发科技 -> 600246 万通发展
[22/40] 提交 80 只：600248 陕建股份 -> 600356 恒丰纸业
[23/40] 提交 80 只：600358 国旅联合 -> 600479 千金药业
[24/40] 提交 80 只：600480 凌云股份 -> 600577 精达股份
[25/40] 提交 80 只：600578 京能电力 -> 600673 东阳光
[26/40] 提交 80 只：600674 川投能源 -> 600765 中航重机
[27/40] 提交 80 只：600768 宁波富邦 -> 600865 百大集团
[28/40] 提交 80 只：600866 星湖科技 -> 600989 宝丰能源
[29/40] 提交 80 只：600990 四创电子 -> 601199 江南水务
[30/40] 提交 80 只：601200 上海环境 -> 601698 中国卫通
[31/40] 提交 80 只：601699 潞安环能 -> 603007 顺景科技
[32/40] 提交 80 只：603008 ST喜临门 -> 603098 森特股份
[33/40] 提交 80 只：603099 长白山 -> 603198 迎驾贡酒
[34/40] 提交 80 只：603199 九华旅游 -> 603305 旭升集团
[35/40] 提交 80 只：603306 华懋科技 -> 603407 长裕集团
[36/40] 提交 80 只：603408 建霖家居 -> 603617 君禾股份
[37/40] 提交 80 只：603618 杭电股份 -> 603773 沃格光电
[38/40] 提交 80 只：603776 永安行 -> 603917 合力科技
[39/40] 提交 80 只：603918 金桥信息 -> 605111 新洁能
[40/40] 提交 80 只：605116 奥锐特 -> 605599 菜百股份
[1/40] 获取失败：批次 4/40 (000723 美锦能源 -> 000859 国风新材)，RuntimeError: ConnectionError: ('Connection aborted.', RemoteDisconnected('Remote end closed connection without response'))；ConnectionError: ('Connection aborted.', RemoteDisconnected('Remote end closed connection without response'))；ConnectionError: ('Connection aborted.', RemoteDisconnected('Remote end closed connection without response'))；ConnectionError: ('Connection aborted.', RemoteDisconnected('Remote end closed connection without response'))
已停止导出；已写入的数据会保留，稍后重试会跳过当天已写入股票。
开始导出当天实时主力资金流：文件日期 0724，股票 3200 只，已存在 0 只，待抓取 3200 只，输出文件 data/today/0724.csv，并发 8 线程
提示：启用多线程后，--delay 仅在 --workers=1 时生效。
[1/40] 提交 80 只：000001 平安银行 -> 000421 南京公用
[2/40] 提交 80 只：000422 湖北宜化 -> 000597 东北制药
[3/40] 提交 80 只：000598 兴蓉环境 -> 000722 湖南发展
[4/40] 提交 80 只：000723 美锦能源 -> 000859 国风新材
[5/40] 提交 80 只：000860 顺鑫农业 -> 000977 浪潮信息
[6/40] 提交 80 只：000978 桂林旅游 -> 001312 福恩股份
[7/40] 提交 80 只：001313 粤海饲料 -> 002031 巨轮智能
[8/40] 提交 80 只：002032 苏 泊 尔 -> 002116 中国海诚
[9/40] 提交 80 只：002117 东港股份 -> 002199 *ST东晶
[10/40] 提交 80 只：002200 *ST交投 -> 002284 亚太股份
[11/40] 提交 80 只：002285 世联行 -> 002370 亚太药业
[12/40] 提交 80 只：002371 北方华创 -> 002456 欧菲光
[13/40] 提交 80 只：002457 青龙管业 -> 002546 新联电子
[14/40] 提交 80 只：002547 *ST春兴 -> 002631 德尔未来
[15/40] 提交 80 只：002632 道明光学 -> 002718 友邦吊顶
[16/40] 提交 80 只：002719 ST麦趣 -> 002811 郑中设计
[17/40] 提交 80 只：002812 恩捷股份 -> 002897 意华股份
[18/40] 提交 80 只：002898 *ST赛隆 -> 002985 北摩高科
[19/40] 提交 80 只：002986 宇新股份 -> 600031 三一重工
[20/40] 提交 80 只：600032 浙江新能 -> 600141 兴发集团
[21/40] 提交 80 只：600143 金发科技 -> 600246 万通发展
[22/40] 提交 80 只：600248 陕建股份 -> 600356 恒丰纸业
[23/40] 提交 80 只：600358 国旅联合 -> 600479 千金药业
[24/40] 提交 80 只：600480 凌云股份 -> 600577 精达股份
[25/40] 提交 80 只：600578 京能电力 -> 600673 东阳光
[26/40] 提交 80 只：600674 川投能源 -> 600765 中航重机
[27/40] 提交 80 只：600768 宁波富邦 -> 600865 百大集团
[28/40] 提交 80 只：600866 星湖科技 -> 600989 宝丰能源
[29/40] 提交 80 只：600990 四创电子 -> 601199 江南水务
[30/40] 提交 80 只：601200 上海环境 -> 601698 中国卫通
[31/40] 提交 80 只：601699 潞安环能 -> 603007 顺景科技
[32/40] 提交 80 只：603008 ST喜临门 -> 603098 森特股份
[33/40] 提交 80 只：603099 长白山 -> 603198 迎驾贡酒
[34/40] 提交 80 只：603199 九华旅游 -> 603305 旭升集团
[35/40] 提交 80 只：603306 华懋科技 -> 603407 长裕集团
[36/40] 提交 80 只：603408 建霖家居 -> 603617 君禾股份
[37/40] 提交 80 只：603618 杭电股份 -> 603773 沃格光电
[38/40] 提交 80 只：603776 永安行 -> 603917 合力科技
[39/40] 提交 80 只：603918 金桥信息 -> 605111 新洁能
[40/40] 提交 80 只：605116 奥锐特 -> 605599 菜百股份
[1/40] 获取失败：批次 6/40 (000978 桂林旅游 -> 001312 福恩股份)，RuntimeError: ConnectionError: ('Connection aborted.', RemoteDisconnected('Remote end closed connection without response'))；ConnectionError: ('Connection aborted.', RemoteDisconnected('Remote end closed connection without response'))；ConnectionError: ('Connection aborted.', RemoteDisconnected('Remote end closed connection without response'))；ConnectionError: ('Connection aborted.', RemoteDisconnected('Remote end closed connection without response'))
已停止导出；已写入的数据会保留，稍后重试会跳过当天已写入股票。
开始导出当天实时主力资金流：文件日期 0724，股票 3200 只，已存在 0 只，待抓取 3200 只，输出文件 data/today/0724.csv，并发 8 线程
提示：启用多线程后，--delay 仅在 --workers=1 时生效。
[1/40] 提交 80 只：000001 平安银行 -> 000421 南京公用
[2/40] 提交 80 只：000422 湖北宜化 -> 000597 东北制药
[3/40] 提交 80 只：000598 兴蓉环境 -> 000722 湖南发展
[4/40] 提交 80 只：000723 美锦能源 -> 000859 国风新材
[5/40] 提交 80 只：000860 顺鑫农业 -> 000977 浪潮信息
[6/40] 提交 80 只：000978 桂林旅游 -> 001312 福恩股份
[7/40] 提交 80 只：001313 粤海饲料 -> 002031 巨轮智能
[8/40] 提交 80 只：002032 苏 泊 尔 -> 002116 中国海诚
[9/40] 提交 80 只：002117 东港股份 -> 002199 *ST东晶
[10/40] 提交 80 只：002200 *ST交投 -> 002284 亚太股份
[11/40] 提交 80 只：002285 世联行 -> 002370 亚太药业
[12/40] 提交 80 只：002371 北方华创 -> 002456 欧菲光
[13/40] 提交 80 只：002457 青龙管业 -> 002546 新联电子
[14/40] 提交 80 只：002547 *ST春兴 -> 002631 德尔未来
[15/40] 提交 80 只：002632 道明光学 -> 002718 友邦吊顶
[16/40] 提交 80 只：002719 ST麦趣 -> 002811 郑中设计
[17/40] 提交 80 只：002812 恩捷股份 -> 002897 意华股份
[18/40] 提交 80 只：002898 *ST赛隆 -> 002985 北摩高科
[19/40] 提交 80 只：002986 宇新股份 -> 600031 三一重工
[20/40] 提交 80 只：600032 浙江新能 -> 600141 兴发集团
[21/40] 提交 80 只：600143 金发科技 -> 600246 万通发展
[22/40] 提交 80 只：600248 陕建股份 -> 600356 恒丰纸业
[23/40] 提交 80 只：600358 国旅联合 -> 600479 千金药业
[24/40] 提交 80 只：600480 凌云股份 -> 600577 精达股份
[25/40] 提交 80 只：600578 京能电力 -> 600673 东阳光
[26/40] 提交 80 只：600674 川投能源 -> 600765 中航重机
[27/40] 提交 80 只：600768 宁波富邦 -> 600865 百大集团
[28/40] 提交 80 只：600866 星湖科技 -> 600989 宝丰能源
[29/40] 提交 80 只：600990 四创电子 -> 601199 江南水务
[30/40] 提交 80 只：601200 上海环境 -> 601698 中国卫通
[31/40] 提交 80 只：601699 潞安环能 -> 603007 顺景科技
[32/40] 提交 80 只：603008 ST喜临门 -> 603098 森特股份
[33/40] 提交 80 只：603099 长白山 -> 603198 迎驾贡酒
[34/40] 提交 80 只：603199 九华旅游 -> 603305 旭升集团
[35/40] 提交 80 只：603306 华懋科技 -> 603407 长裕集团
[36/40] 提交 80 只：603408 建霖家居 -> 603617 君禾股份
[37/40] 提交 80 只：603618 杭电股份 -> 603773 沃格光电
[38/40] 提交 80 只：603776 永安行 -> 603917 合力科技
[39/40] 提交 80 只：603918 金桥信息 -> 605111 新洁能
[40/40] 提交 80 只：605116 奥锐特 -> 605599 菜百股份
[1/40] 获取失败：批次 5/40 (000860 顺鑫农业 -> 000977 浪潮信息)，RuntimeError: ConnectionError: ('Connection aborted.', RemoteDisconnected('Remote end closed connection without response'))；ConnectionError: ('Connection aborted.', RemoteDisconnected('Remote end closed connection without response'))；ConnectionError: ('Connection aborted.', RemoteDisconnected('Remote end closed connection without response'))；ConnectionError: ('Connection aborted.', RemoteDisconnected('Remote end closed connection without response'))
已停止导出；已写入的数据会保留，稍后重试会跳过当天已写入股票。
